2025-03-12 17:01:15.415 | INFO     | __main__:setup_logger:37 - 日志配置成功，日志文件路径: C:\Users\Administrator\Desktop\Keeping-main\代理+微步+网站截图\汇总打包\app.log
2025-03-12 17:01:15.416 | SUCCESS  | __main__:read_setting_json:56 - 配置文件存在：C:\Users\Administrator\Desktop\Keeping-main\代理+微步+网站截图\汇总打包\setting.json
2025-03-12 17:01:58.843 | INFO     | picture_function.picture_get:fix_url_protocol:36 - 尝试补全协议: www.baidu.com
2025-03-12 17:02:01.198 | INFO     | picture_function.picture_get:fix_url_protocol:46 - 可用协议: http://www.baidu.com
2025-03-12 17:02:01.199 | INFO     | picture_function.openChrome:open_Chrome_pic:14 - 初始化Chrome
2025-03-12 17:02:01.199 | INFO     | picture_function.openChrome:open_Chrome_pic:17 - 不存在代理
2025-03-12 17:02:01.200 | INFO     | picture_function.openChrome:open_Chrome_pic:46 - 下载Chromedriver
2025-03-12 17:02:05.979 | INFO     | picture_function.openChrome:open_Chrome_pic:50 - driver_path : C:\Users\Administrator\.wdm\drivers\chromedriver\win64\134.0.6998.88\chromedriver-win32/chromedriver.exe
2025-03-12 17:02:05.991 | INFO     | picture_function.openChrome:open_Chrome_pic:52 - 下载至:./Chorme_driver/chromedriver.exe成功
2025-03-12 17:02:08.858 | SUCCESS  | picture_function.openChrome:open_Chrome_pic:56 - 初始化成功
2025-03-12 17:02:08.858 | INFO     | __main__:capture_website_screenshot:126 - 访问 URL: http://www.baidu.com
2025-03-12 17:02:59.827 | ERROR    | __main__:capture_website_screenshot:143 - 全局异常: 400 Bad Request: The browser (or proxy) sent a request that this server could not understand.
2025-03-12 17:03:38.210 | ERROR    | __main__:capture_website_screenshot:143 - 全局异常: 400 Bad Request: The browser (or proxy) sent a request that this server could not understand.
2025-03-12 17:03:54.249 | INFO     | picture_function.picture_get:fix_url_protocol:36 - 尝试补全协议: www.pronhub.com
2025-03-12 17:04:04.307 | ERROR    | picture_function.picture_get:fix_url_protocol:50 - HTTP/HTTPS 均不可用
2025-03-12 17:04:30.485 | INFO     | picture_function.picture_get:fix_url_protocol:36 - 尝试补全协议: cn.pronhub.com
2025-03-12 17:04:40.517 | ERROR    | picture_function.picture_get:fix_url_protocol:50 - HTTP/HTTPS 均不可用
2025-03-12 17:05:29.699 | INFO     | picture_function.picture_get:fix_url_protocol:36 - 尝试补全协议: cn.pronhub.com
2025-03-12 17:05:39.731 | ERROR    | picture_function.picture_get:fix_url_protocol:50 - HTTP/HTTPS 均不可用
2025-03-12 17:05:50.649 | INFO     | picture_function.picture_get:fix_url_protocol:36 - 尝试补全协议: linux.do
2025-03-12 17:06:00.681 | ERROR    | picture_function.picture_get:fix_url_protocol:50 - HTTP/HTTPS 均不可用
2025-03-12 17:06:13.025 | INFO     | picture_function.openChrome:open_Chrome_pic:14 - 初始化Chrome
2025-03-12 17:06:13.025 | SUCCESS  | picture_function.openChrome:open_Chrome_pic:20 - 识别到代理
2025-03-12 17:06:14.751 | SUCCESS  | picture_function.openChrome:open_Chrome_pic:56 - 初始化成功
2025-03-12 17:06:14.752 | INFO     | __main__:capture_website_screenshot:126 - 访问 URL: https://linux.do
2025-03-12 17:07:26.307 | INFO     | picture_function.openChrome:open_Chrome_pic:14 - 初始化Chrome
2025-03-12 17:07:26.307 | SUCCESS  | picture_function.openChrome:open_Chrome_pic:20 - 识别到代理
2025-03-12 17:07:27.943 | SUCCESS  | picture_function.openChrome:open_Chrome_pic:56 - 初始化成功
2025-03-12 17:07:27.943 | INFO     | __main__:extract_icon_elements:163 - 正在提取图标: https://linux.do
2025-03-12 17:08:08.504 | INFO     | __main__:extract_icon_elements:170 - 页面加载完成
2025-03-12 17:08:08.688 | INFO     | __main__:extract_icon_elements:176 - 图标地址: https://linux.do/uploads/default/optimized/3X/9/d/9dd49731091ce8656e94433a26a3ef36062b3994_2_32x32.png
2025-03-12 17:08:09.902 | INFO     | __main__:extract_icon_elements:185 - 图标加载完成
2025-03-12 17:09:01.481 | WARNING  | __main__:not_found:312 - 404 错误: 找不到
2025-03-12 17:09:13.834 | INFO     | __main__:proxy:280 - =============时间：2025-03-12 17:09:13============
2025-03-12 17:09:13.834 | INFO     | __main__:proxy:281 - 转发 GET 请求到: http://httpbin.org/ip
2025-03-12 17:09:13.835 | INFO     | __main__:proxy:282 - 使用代理: {'http': '127.0.0.1:7897', 'https': '127.0.0.1:7897'}
2025-03-12 17:09:13.835 | INFO     | __main__:proxy:283 - 使用头: {'User-Agent': 'Mozilla/5.0 (Windows NT 10.0; Win64; x64) AppleWebKit/537.36 (KHTML, like Gecko) Chrome/134.0.0.0 Safari/537.36', 'Accept': 'text/html,application/xhtml+xml,application/xml;q=0.9,image/avif,image/webp,image/apng,*/*;q=0.8,application/signed-exchange;v=b3;q=0.7', 'Accept-Language': 'zh-CN,zh;q=0.9', 'Accept-Encoding': 'gzip, deflate, br', 'Connection': 'keep-alive', 'Cache-Control': 'no-cache', 'Pragma': 'no-cache', 'Upgrade-Insecure-Requests': '1'}
2025-03-12 17:09:20.597 | INFO     | __main__:proxy:294 - 响应状态: 200
2025-03-12 17:09:41.425 | INFO     | function.openChrome:open_Chrome:14 - 初始化Chrome
2025-03-12 17:09:43.092 | SUCCESS  | function.openChrome:open_Chrome:52 - 初始化成功
2025-03-12 17:09:43.092 | INFO     | function.main_request:main_req_func:56 - 开始处理登入逻辑
2025-03-12 17:09:45.107 | INFO     | function.main_request:main_req_func:58 - 当前导向:ThreatBook 用户登录
2025-03-12 17:09:45.218 | SUCCESS  | function.main_request:main_req_func:63 - 账号输入成功
2025-03-12 17:09:45.261 | SUCCESS  | function.main_request:main_req_func:65 - 密码输入成功
2025-03-12 17:09:46.369 | INFO     | function.main_request:main_req_func:69 - 开始绕过滑块验证码
2025-03-12 17:10:03.874 | SUCCESS  | function.main_request:main_req_func:91 - 登入验证码绕过成功
2025-03-12 17:10:03.875 | SUCCESS  | function.openChrome:open_Chrome:57 - 账号初始化成功
2025-03-12 17:10:03.898 | SUCCESS  | function.main_request:bypass:136 - 不存在反爬虫机制
2025-03-12 17:10:03.899 | INFO     | function.main_request:search_req:119 - 开始执行搜索:www.baidu.com
2025-03-12 17:10:05.343 | SUCCESS  | function.main_request:search_req:126 - 搜索 -www.baidu.com结束
2025-03-12 17:10:05.410 | INFO     | __main__:run_script:243 - 脚本执行时间: 23.98 秒
